{
  "RSpec": {
    "coverage": {
      "/Users/karstenfinlay/Desktop/Tech_tests/Bank/spec/bank_spec.rb": {
        "lines": [
          null,
          null,
          1,
          null,
          1,
          1,
          1,
          null,
          null,
          1,
          1,
          2,
          null,
          null,
          1,
          1,
          null,
          null,
          1,
          2,
          null,
          null,
          null,
          1,
          1,
          1,
          null,
          null,
          null,
          1,
          1,
          1,
          1,
          1,
          1,
          null,
          null,
          null
        ]
      },
      "/Users/karstenfinlay/Desktop/Tech_tests/Bank/lib/bank.rb": {
        "lines": [
          null,
          null,
          1,
          1,
          null,
          1,
          null,
          1,
          5,
          5,
          5,
          null,
          null,
          1,
          3,
          2,
          2,
          2,
          null,
          null,
          1,
          5,
          5,
          5,
          5,
          null,
          null,
          1,
          1,
          1,
          1,
          1,
          1,
          null,
          null,
          1,
          null,
          1,
          3,
          null,
          null,
          1,
          5,
          null,
          null,
          1,
          2,
          null,
          null,
          1,
          5,
          null,
          null,
          1,
          7,
          7,
          7,
          null,
          null
        ]
      }
    },
    "timestamp": 1615303627
  }
}
